0 verbose cli /usr/local/bin/node /usr/local/bin/npm
1 info using npm@11.6.2
2 info using node@v24.12.0
3 silly config load:file:/usr/local/lib/node_modules/npm/npmrc
4 silly config load:file:/Users/znsoft/cceasy/frontend/.npmrc
5 silly config load:file:/Users/znsoft/.npmrc
6 silly config load:file:/usr/local/etc/npmrc
7 verbose title npm install
8 verbose argv "install" "--cache" "./.npm_cache"
9 verbose logfile logs-max:10 dir:/Users/znsoft/cceasy/frontend/.npm_cache/_logs/2025-12-25T23_54_56_184Z-
10 verbose logfile /Users/znsoft/cceasy/frontend/.npm_cache/_logs/2025-12-25T23_54_56_184Z-debug-0.log
11 silly logfile done cleaning log files
12 silly packumentCache heap:4496293888 maxSize:1124073472 maxEntrySize:562036736
13 silly idealTree buildDeps
14 silly reify moves {}
15 silly audit bulk request {
15 silly audit   '@babel/code-frame': [ '7.27.1' ],
15 silly audit   '@babel/compat-data': [ '7.28.5' ],
15 silly audit   '@babel/core': [ '7.28.5' ],
15 silly audit   '@babel/generator': [ '7.28.5' ],
15 silly audit   '@babel/helper-annotate-as-pure': [ '7.27.3' ],
15 silly audit   '@babel/helper-compilation-targets': [ '7.27.2' ],
15 silly audit   '@babel/helper-globals': [ '7.28.0' ],
15 silly audit   '@babel/helper-module-imports': [ '7.27.1' ],
15 silly audit   '@babel/helper-module-transforms': [ '7.28.3' ],
15 silly audit   '@babel/helper-plugin-utils': [ '7.27.1' ],
15 silly audit   '@babel/helper-string-parser': [ '7.27.1' ],
15 silly audit   '@babel/helper-validator-identifier': [ '7.28.5' ],
15 silly audit   '@babel/helper-validator-option': [ '7.27.1' ],
15 silly audit   '@babel/helpers': [ '7.28.4' ],
15 silly audit   '@babel/parser': [ '7.28.5' ],
15 silly audit   '@babel/plugin-syntax-jsx': [ '7.27.1' ],
15 silly audit   '@babel/plugin-transform-react-jsx': [ '7.27.1' ],
15 silly audit   '@babel/plugin-transform-react-jsx-development': [ '7.27.1' ],
15 silly audit   '@babel/plugin-transform-react-jsx-self': [ '7.27.1' ],
15 silly audit   '@babel/plugin-transform-react-jsx-source': [ '7.27.1' ],
15 silly audit   '@babel/template': [ '7.27.2' ],
15 silly audit   '@babel/traverse': [ '7.28.5' ],
15 silly audit   '@babel/types': [ '7.28.5' ],
15 silly audit   '@esbuild/android-arm': [ '0.15.18' ],
15 silly audit   '@esbuild/linux-loong64': [ '0.15.18' ],
15 silly audit   '@jridgewell/gen-mapping': [ '0.3.13' ],
15 silly audit   '@jridgewell/remapping': [ '2.3.5' ],
15 silly audit   '@jridgewell/resolve-uri': [ '3.1.2' ],
15 silly audit   '@jridgewell/sourcemap-codec': [ '1.5.5' ],
15 silly audit   '@jridgewell/trace-mapping': [ '0.3.31' ],
15 silly audit   '@types/prop-types': [ '15.7.15' ],
15 silly audit   '@types/react': [ '18.3.27' ],
15 silly audit   '@types/react-dom': [ '18.3.7' ],
15 silly audit   '@vitejs/plugin-react': [ '2.2.0' ],
15 silly audit   'baseline-browser-mapping': [ '2.9.11' ],
15 silly audit   browserslist: [ '4.28.1' ],
15 silly audit   'caniuse-lite': [ '1.0.30001761' ],
15 silly audit   'convert-source-map': [ '2.0.0' ],
15 silly audit   csstype: [ '3.2.3' ],
15 silly audit   debug: [ '4.4.3' ],
15 silly audit   'electron-to-chromium': [ '1.5.267' ],
15 silly audit   esbuild: [ '0.15.18' ],
15 silly audit   'esbuild-android-64': [ '0.15.18' ],
15 silly audit   'esbuild-android-arm64': [ '0.15.18' ],
15 silly audit   'esbuild-darwin-64': [ '0.15.18' ],
15 silly audit   'esbuild-darwin-arm64': [ '0.15.18' ],
15 silly audit   'esbuild-freebsd-64': [ '0.15.18' ],
15 silly audit   'esbuild-freebsd-arm64': [ '0.15.18' ],
15 silly audit   'esbuild-linux-32': [ '0.15.18' ],
15 silly audit   'esbuild-linux-64': [ '0.15.18' ],
15 silly audit   'esbuild-linux-arm': [ '0.15.18' ],
15 silly audit   'esbuild-linux-arm64': [ '0.15.18' ],
15 silly audit   'esbuild-linux-mips64le': [ '0.15.18' ],
15 silly audit   'esbuild-linux-ppc64le': [ '0.15.18' ],
15 silly audit   'esbuild-linux-riscv64': [ '0.15.18' ],
15 silly audit   'esbuild-linux-s390x': [ '0.15.18' ],
15 silly audit   'esbuild-netbsd-64': [ '0.15.18' ],
15 silly audit   'esbuild-openbsd-64': [ '0.15.18' ],
15 silly audit   'esbuild-sunos-64': [ '0.15.18' ],
15 silly audit   'esbuild-windows-32': [ '0.15.18' ],
15 silly audit   'esbuild-windows-64': [ '0.15.18' ],
15 silly audit   'esbuild-windows-arm64': [ '0.15.18' ],
15 silly audit   escalade: [ '3.2.0' ],
15 silly audit   fsevents: [ '2.3.3' ],
15 silly audit   'function-bind': [ '1.1.2' ],
15 silly audit   gensync: [ '1.0.0-beta.2' ],
15 silly audit   hasown: [ '2.0.2' ],
15 silly audit   'is-core-module': [ '2.16.1' ],
15 silly audit   'js-tokens': [ '4.0.0' ],
15 silly audit   jsesc: [ '3.1.0' ],
15 silly audit   json5: [ '2.2.3' ],
15 silly audit   'loose-envify': [ '1.4.0' ],
15 silly audit   'lru-cache': [ '5.1.1' ],
15 silly audit   'magic-string': [ '0.26.7' ],
15 silly audit   ms: [ '2.1.3' ],
15 silly audit   nanoid: [ '3.3.11' ],
15 silly audit   'node-releases': [ '2.0.27' ],
15 silly audit   'path-parse': [ '1.0.7' ],
15 silly audit   picocolors: [ '1.1.1' ],
15 silly audit   postcss: [ '8.5.6' ],
15 silly audit   react: [ '18.3.1' ],
15 silly audit   'react-dom': [ '18.3.1' ],
15 silly audit   'react-refresh': [ '0.14.2' ],
15 silly audit   resolve: [ '1.22.11' ],
15 silly audit   rollup: [ '2.79.2' ],
15 silly audit   scheduler: [ '0.23.2' ],
15 silly audit   semver: [ '6.3.1' ],
15 silly audit   'source-map-js': [ '1.2.1' ],
15 silly audit   'sourcemap-codec': [ '1.4.8' ],
15 silly audit   'supports-preserve-symlinks-flag': [ '1.0.0' ],
15 silly audit   typescript: [ '4.9.5' ],
15 silly audit   'update-browserslist-db': [ '1.2.3' ],
15 silly audit   vite: [ '3.2.11' ],
15 silly audit   yallist: [ '3.1.1' ]
15 silly audit }
16 http fetch POST 200 https://registry.npmjs.org/-/npm/v1/security/advisories/bulk 706ms
17 silly audit report {
17 silly audit report   esbuild: [
17 silly audit report     {
17 silly audit report       id: 1102341,
17 silly audit report       url: 'https://github.com/advisories/GHSA-67mh-4wv8-2f99',
17 silly audit report       title: 'esbuild enables any website to send any requests to the development server and read the response',
17 silly audit report       severity: 'moderate',
17 silly audit report       vulnerable_versions: '<=0.24.2',
17 silly audit report       cwe: [Array],
17 silly audit report       cvss: [Object]
17 silly audit report     }
17 silly audit report   ],
17 silly audit report   vite: [
17 silly audit report     {
17 silly audit report       id: 1102436,
17 silly audit report       url: 'https://github.com/advisories/GHSA-vg6x-rcgg-rjx6',
17 silly audit report       title: 'Websites were able to send any requests to the development server and read the response in vite',
17 silly audit report       severity: 'moderate',
17 silly audit report       vulnerable_versions: '<=4.5.5',
17 silly audit report       cwe: [Array],
17 silly audit report       cvss: [Object]
17 silly audit report     },
17 silly audit report     {
17 silly audit report       id: 1103516,
17 silly audit report       url: 'https://github.com/advisories/GHSA-x574-m823-4x7w',
17 silly audit report       title: 'Vite bypasses server.fs.deny when using ?raw??',
17 silly audit report       severity: 'moderate',
17 silly audit report       vulnerable_versions: '<4.5.10',
17 silly audit report       cwe: [Array],
17 silly audit report       cvss: [Object]
17 silly audit report     },
17 silly audit report     {
17 silly audit report       id: 1103627,
17 silly audit report       url: 'https://github.com/advisories/GHSA-4r4m-qw57-chr8',
17 silly audit report       title: 'Vite has a `server.fs.deny` bypassed for `inline` and `raw` with `?import` query',
17 silly audit report       severity: 'moderate',
17 silly audit report       vulnerable_versions: '<4.5.11',
17 silly audit report       cwe: [Array],
17 silly audit report       cvss: [Object]
17 silly audit report     },
17 silly audit report     {
17 silly audit report       id: 1103883,
17 silly audit report       url: 'https://github.com/advisories/GHSA-356w-63v5-8wf4',
17 silly audit report       title: 'Vite has an `server.fs.deny` bypass with an invalid `request-target`',
17 silly audit report       severity: 'moderate',
17 silly audit report       vulnerable_versions: '<4.5.13',
17 silly audit report       cwe: [Array],
17 silly audit report       cvss: [Object]
17 silly audit report     },
17 silly audit report     {
17 silly audit report       id: 1104172,
17 silly audit report       url: 'https://github.com/advisories/GHSA-859w-5945-r5v3',
17 silly audit report       title: "Vite's server.fs.deny bypassed with /. for files under project root",
17 silly audit report       severity: 'moderate',
17 silly audit report       vulnerable_versions: '<=4.5.13',
17 silly audit report       cwe: [Array],
17 silly audit report       cvss: [Object]
17 silly audit report     },
17 silly audit report     {
17 silly audit report       id: 1104201,
17 silly audit report       url: 'https://github.com/advisories/GHSA-xcj6-pq6g-qj4x',
17 silly audit report       title: 'Vite allows server.fs.deny to be bypassed with .svg or relative paths',
17 silly audit report       severity: 'moderate',
17 silly audit report       vulnerable_versions: '<4.5.12',
17 silly audit report       cwe: [Array],
17 silly audit report       cvss: [Object]
17 silly audit report     },
17 silly audit report     {
17 silly audit report       id: 1107323,
17 silly audit report       url: 'https://github.com/advisories/GHSA-g4jq-h2w9-997c',
17 silly audit report       title: 'Vite middleware may serve files starting with the same name with the public directory',
17 silly audit report       severity: 'low',
17 silly audit report       vulnerable_versions: '<=5.4.19',
17 silly audit report       cwe: [Array],
17 silly audit report       cvss: [Object]
17 silly audit report     },
17 silly audit report     {
17 silly audit report       id: 1107327,
17 silly audit report       url: 'https://github.com/advisories/GHSA-jqfw-vq24-v9c3',
17 silly audit report       title: "Vite's `server.fs` settings were not applied to HTML files",
17 silly audit report       severity: 'low',
17 silly audit report       vulnerable_versions: '<=5.4.19',
17 silly audit report       cwe: [Array],
17 silly audit report       cvss: [Object]
17 silly audit report     },
17 silly audit report     {
17 silly audit report       id: 1109133,
17 silly audit report       url: 'https://github.com/advisories/GHSA-93m4-6634-74q7',
17 silly audit report       title: 'vite allows server.fs.deny bypass via backslash on Windows',
17 silly audit report       severity: 'moderate',
17 silly audit report       vulnerable_versions: '>=3.2.9 <4.0.0',
17 silly audit report       cwe: [Array],
17 silly audit report       cvss: [Object]
17 silly audit report     }
17 silly audit report   ]
17 silly audit report }
18 silly packumentCache corgi:https://registry.npmjs.org/esbuild cache-miss
19 silly packumentCache corgi:https://registry.npmjs.org/vite cache-miss
20 http fetch GET 200 https://registry.npmjs.org/esbuild 187ms (cache revalidated)
21 silly packumentCache corgi:https://registry.npmjs.org/esbuild set size:877737 disposed:false
22 http fetch GET 200 https://registry.npmjs.org/vite 741ms (cache revalidated)
23 silly packumentCache corgi:https://registry.npmjs.org/vite set size:2154329 disposed:false
24 silly packumentCache corgi:https://registry.npmjs.org/@vitejs%2fplugin-react cache-miss
25 http fetch GET 200 https://registry.npmjs.org/@vitejs%2fplugin-react 193ms (cache revalidated)
26 silly packumentCache corgi:https://registry.npmjs.org/@vitejs%2fplugin-react set size:104872 disposed:false
27 verbose cwd /Users/znsoft/cceasy/frontend
28 verbose os Darwin 25.2.0
29 verbose node v24.12.0
30 verbose npm  v11.6.2
31 verbose exit 0
32 info ok
